<?xml version="1.0" encoding="UTF-8"?>
<!-- Generated by org.testng.reporters.JUnitReportReporter -->
<testsuite hostname="DESKTOP-SLHBQOO" failures="0" tests="1" name="automationFramework.AutomationFramework.Framework_001" time="17.128" errors="0" timestamp="2023-07-08T14:01:55 IST" skipped="0">
  <testcase classname="automationFramework.AutomationFramework.Framework_001" name="main" time="17.128">
    <system-out>
      <![CDATA[SignIn Action is successfully perfomred]]>
    </system-out>
  </testcase> <!-- main -->
  <system-out>
    <![CDATA[SignIn Action is successfully perfomred]]>
  </system-out>
</testsuite> <!-- automationFramework.AutomationFramework.Framework_001 -->
