<?xml version="1.0" encoding="UTF-8"?>
<!-- Generated by org.testng.reporters.JUnitReportReporter -->
<testsuite hostname="DESKTOP-SLHBQOO" failures="0" tests="1" name="automationFramework.AutomationFramework.Framework_001" time="15.061" errors="0" timestamp="2023-07-17T12:41:02 IST" skipped="0">
  <testcase classname="automationFramework.AutomationFramework.Framework_001" name="main" time="15.061">
    <system-out>
      <![CDATA[SignIn Action is successfully perfomred]]>
    </system-out>
  </testcase> <!-- main -->
  <system-out>
    <![CDATA[SignIn Action is successfully perfomred]]>
  </system-out>
</testsuite> <!-- automationFramework.AutomationFramework.Framework_001 -->
