<?xml version="1.0" encoding="UTF-8"?>
<!-- Generated by org.testng.reporters.JUnitReportReporter -->
<testsuite hostname="DESKTOP-SLHBQOO" failures="0" tests="1" name="rest.api.testing.ApiTesting" time="2.107" errors="0" timestamp="2023-07-17T00:00:04 IST" skipped="0">
  <testcase classname="rest.api.testing.ApiTesting" name="readJsonFile" time="2.107"/>
</testsuite> <!-- rest.api.testing.ApiTesting -->
